<?xml version="1.0" encoding="UTF-8"?>
<!-- Generated by org.testng.reporters.JUnitReportReporter -->
<testsuite skipped="0" hostname="ShreeHari" name="uk.co.library.testsuite.JobSearchTest" tests="7" failures="0" timestamp="2022-05-09T14:52:03 BST" time="423.477" errors="0">
  <testcase name="verifyJobSearchResultUsingDifferentDataSet" time="55.055" classname="uk.co.library.testsuite.JobSearchTest"/>
  <system-out/>
  <testcase name="verifyJobSearchResultUsingDifferentDataSet" time="73.817" classname="uk.co.library.testsuite.JobSearchTest"/>
  <system-out/>
  <testcase name="verifyJobSearchResultUsingDifferentDataSet" time="53.721" classname="uk.co.library.testsuite.JobSearchTest"/>
  <system-out/>
  <testcase name="verifyJobSearchResultUsingDifferentDataSet" time="55.456" classname="uk.co.library.testsuite.JobSearchTest"/>
  <system-out/>
  <testcase name="verifyJobSearchResultUsingDifferentDataSet" time="73.132" classname="uk.co.library.testsuite.JobSearchTest"/>
  <system-out/>
  <testcase name="verifyJobSearchResultUsingDifferentDataSet" time="59.286" classname="uk.co.library.testsuite.JobSearchTest"/>
  <system-out/>
  <testcase name="verifyJobSearchResultUsingDifferentDataSet" time="53.010" classname="uk.co.library.testsuite.JobSearchTest"/>
  <system-out/>
</testsuite> <!-- uk.co.library.testsuite.JobSearchTest -->
